2020-03-16 14:58:55 - Starting MintfinancialApplication on wsticks with PID 21004 (C:\Users\williamsondrums\Downloads\mintfinancial\target\classes started by williamsondrums in C:\Users\williamsondrums\Downloads\mintfinancial)
2020-03-16 14:58:55 - No active profile set, falling back to default profiles: default
2020-03-16 14:58:57 - Bootstrapping Spring Data JPA repositories in DEFAULT mode.
2020-03-16 14:58:57 - Finished Spring Data repository scanning in 198ms. Found 1 JPA repository interfaces.
2020-03-16 14:58:59 - Tomcat initialized with port(s): 8081 (http)
2020-03-16 14:58:59 - Initializing ProtocolHandler ["http-nio-8081"]
2020-03-16 14:58:59 - Starting service [Tomcat]
2020-03-16 14:58:59 - Starting Servlet engine: [Apache Tomcat/9.0.31]
2020-03-16 14:59:00 - Initializing Spring embedded WebApplicationContext
2020-03-16 14:59:00 - Root WebApplicationContext: initialization completed in 4444 ms
2020-03-16 14:59:01 - HHH000204: Processing PersistenceUnitInfo [name: default]
2020-03-16 14:59:01 - HHH000412: Hibernate ORM core version 5.4.12.Final
2020-03-16 14:59:02 - HCANN000001: Hibernate Commons Annotations {5.1.0.Final}
2020-03-16 14:59:02 - HikariPool-1 - Starting...
2020-03-16 14:59:05 - HikariPool-1 - Start completed.
2020-03-16 14:59:05 - HHH000400: Using dialect: org.hibernate.dialect.SQLServer2012Dialect
2020-03-16 14:59:08 - HHH000490: Using JtaPlatform implementation: [org.hibernate.engine.transaction.jta.platform.internal.NoJtaPlatform]
2020-03-16 14:59:08 - Initialized JPA EntityManagerFactory for persistence unit 'default'
2020-03-16 14:59:09 - spring.jpa.open-in-view is enabled by default. Therefore, database queries may be performed during view rendering. Explicitly configure spring.jpa.open-in-view to disable this warning
2020-03-16 14:59:10 - Initializing ExecutorService 'applicationTaskExecutor'
2020-03-16 14:59:11 - Starting ProtocolHandler ["http-nio-8081"]
2020-03-16 14:59:11 - Tomcat started on port(s): 8081 (http) with context path ''
2020-03-16 14:59:11 - Started MintfinancialApplication in 17.531 seconds (JVM running for 22.685)
2020-03-16 15:34:01 - HikariPool-1 - Thread starvation or clock leap detected (housekeeper delta=4m25s393ms430µs500ns).
2020-03-16 15:45:13 - Initializing Spring DispatcherServlet 'dispatcherServlet'
2020-03-16 15:45:13 - Initializing Servlet 'dispatcherServlet'
2020-03-16 15:45:13 - Completed initialization in 29 ms
2020-03-16 15:50:28 - Starting MintfinancialApplication on wsticks with PID 19688 (C:\Users\williamsondrums\Downloads\mintfinancial\target\classes started by williamsondrums in C:\Users\williamsondrums\Downloads\mintfinancial)
2020-03-16 15:50:28 - No active profile set, falling back to default profiles: default
2020-03-16 15:50:31 - Bootstrapping Spring Data JPA repositories in DEFAULT mode.
2020-03-16 15:50:31 - Finished Spring Data repository scanning in 201ms. Found 1 JPA repository interfaces.
2020-03-16 15:50:33 - Tomcat initialized with port(s): 8081 (http)
2020-03-16 15:50:33 - Initializing ProtocolHandler ["http-nio-8081"]
2020-03-16 15:50:33 - Starting service [Tomcat]
2020-03-16 15:50:33 - Starting Servlet engine: [Apache Tomcat/9.0.31]
2020-03-16 15:50:34 - Initializing Spring embedded WebApplicationContext
2020-03-16 15:50:34 - Root WebApplicationContext: initialization completed in 5000 ms
2020-03-16 15:50:34 - HHH000204: Processing PersistenceUnitInfo [name: default]
2020-03-16 15:50:35 - HHH000412: Hibernate ORM core version 5.4.12.Final
2020-03-16 15:50:35 - HCANN000001: Hibernate Commons Annotations {5.1.0.Final}
2020-03-16 15:50:35 - HikariPool-1 - Starting...
2020-03-16 15:50:38 - HikariPool-1 - Start completed.
2020-03-16 15:50:38 - HHH000400: Using dialect: org.hibernate.dialect.SQLServer2012Dialect
2020-03-16 15:50:41 - HHH000490: Using JtaPlatform implementation: [org.hibernate.engine.transaction.jta.platform.internal.NoJtaPlatform]
2020-03-16 15:50:41 - Initialized JPA EntityManagerFactory for persistence unit 'default'
2020-03-16 15:50:43 - spring.jpa.open-in-view is enabled by default. Therefore, database queries may be performed during view rendering. Explicitly configure spring.jpa.open-in-view to disable this warning
2020-03-16 15:50:43 - Initializing ExecutorService 'applicationTaskExecutor'
2020-03-16 15:50:45 - Starting ProtocolHandler ["http-nio-8081"]
2020-03-16 15:50:45 - Tomcat started on port(s): 8081 (http) with context path ''
2020-03-16 15:50:45 - Started MintfinancialApplication in 17.727 seconds (JVM running for 22.637)
2020-03-16 15:50:45 - Initializing Spring DispatcherServlet 'dispatcherServlet'
2020-03-16 15:50:45 - Initializing Servlet 'dispatcherServlet'
2020-03-16 15:50:45 - Completed initialization in 31 ms
2020-03-16 16:31:26 - Starting MintfinancialApplication on wsticks with PID 1076 (C:\Users\williamsondrums\Downloads\mintfinancial\target\classes started by williamsondrums in C:\Users\williamsondrums\Downloads\mintfinancial)
2020-03-16 16:31:26 - No active profile set, falling back to default profiles: default
2020-03-16 16:31:28 - Bootstrapping Spring Data JPA repositories in DEFAULT mode.
2020-03-16 16:31:29 - Finished Spring Data repository scanning in 206ms. Found 1 JPA repository interfaces.
2020-03-16 16:31:30 - Tomcat initialized with port(s): 8081 (http)
2020-03-16 16:31:30 - Initializing ProtocolHandler ["http-nio-8081"]
2020-03-16 16:31:30 - Starting service [Tomcat]
2020-03-16 16:31:30 - Starting Servlet engine: [Apache Tomcat/9.0.31]
2020-03-16 16:31:31 - Initializing Spring embedded WebApplicationContext
2020-03-16 16:31:31 - Root WebApplicationContext: initialization completed in 4722 ms
2020-03-16 16:31:32 - HHH000204: Processing PersistenceUnitInfo [name: default]
2020-03-16 16:31:32 - HHH000412: Hibernate ORM core version 5.4.12.Final
2020-03-16 16:31:32 - HCANN000001: Hibernate Commons Annotations {5.1.0.Final}
2020-03-16 16:31:33 - HikariPool-1 - Starting...
2020-03-16 16:31:35 - HikariPool-1 - Start completed.
2020-03-16 16:31:35 - HHH000400: Using dialect: org.hibernate.dialect.SQLServer2012Dialect
2020-03-16 16:31:38 - HHH000490: Using JtaPlatform implementation: [org.hibernate.engine.transaction.jta.platform.internal.NoJtaPlatform]
2020-03-16 16:31:38 - Initialized JPA EntityManagerFactory for persistence unit 'default'
2020-03-16 16:31:39 - spring.jpa.open-in-view is enabled by default. Therefore, database queries may be performed during view rendering. Explicitly configure spring.jpa.open-in-view to disable this warning
2020-03-16 16:31:39 - Initializing ExecutorService 'applicationTaskExecutor'
2020-03-16 16:31:40 - Starting ProtocolHandler ["http-nio-8081"]
2020-03-16 16:31:40 - Tomcat started on port(s): 8081 (http) with context path ''
2020-03-16 16:31:40 - Started MintfinancialApplication in 15.878 seconds (JVM running for 20.787)
2020-03-16 16:32:25 - Initializing Spring DispatcherServlet 'dispatcherServlet'
2020-03-16 16:32:25 - Initializing Servlet 'dispatcherServlet'
2020-03-16 16:32:25 - Completed initialization in 16 ms
2020-03-16 16:36:58 - Starting MintfinancialApplication on wsticks with PID 18932 (C:\Users\williamsondrums\Downloads\mintfinancial\target\classes started by williamsondrums in C:\Users\williamsondrums\Downloads\mintfinancial)
2020-03-16 16:36:58 - No active profile set, falling back to default profiles: default
2020-03-16 16:37:00 - Bootstrapping Spring Data JPA repositories in DEFAULT mode.
2020-03-16 16:37:00 - Finished Spring Data repository scanning in 207ms. Found 1 JPA repository interfaces.
2020-03-16 16:37:01 - Tomcat initialized with port(s): 8081 (http)
2020-03-16 16:37:02 - Initializing ProtocolHandler ["http-nio-8081"]
2020-03-16 16:37:02 - Starting service [Tomcat]
2020-03-16 16:37:02 - Starting Servlet engine: [Apache Tomcat/9.0.31]
2020-03-16 16:37:02 - Initializing Spring embedded WebApplicationContext
2020-03-16 16:37:02 - Root WebApplicationContext: initialization completed in 4169 ms
2020-03-16 16:37:03 - HHH000204: Processing PersistenceUnitInfo [name: default]
2020-03-16 16:37:03 - HHH000412: Hibernate ORM core version 5.4.12.Final
2020-03-16 16:37:03 - HCANN000001: Hibernate Commons Annotations {5.1.0.Final}
2020-03-16 16:37:04 - HikariPool-1 - Starting...
2020-03-16 16:37:06 - HikariPool-1 - Start completed.
2020-03-16 16:37:06 - HHH000400: Using dialect: org.hibernate.dialect.SQLServer2012Dialect
2020-03-16 16:37:11 - HHH000490: Using JtaPlatform implementation: [org.hibernate.engine.transaction.jta.platform.internal.NoJtaPlatform]
2020-03-16 16:37:11 - Initialized JPA EntityManagerFactory for persistence unit 'default'
2020-03-16 16:37:12 - spring.jpa.open-in-view is enabled by default. Therefore, database queries may be performed during view rendering. Explicitly configure spring.jpa.open-in-view to disable this warning
2020-03-16 16:37:12 - Initializing ExecutorService 'applicationTaskExecutor'
2020-03-16 16:37:13 - Starting ProtocolHandler ["http-nio-8081"]
2020-03-16 16:37:13 - Tomcat started on port(s): 8081 (http) with context path ''
2020-03-16 16:37:13 - Started MintfinancialApplication in 17.396 seconds (JVM running for 22.072)
2020-03-16 16:37:43 - Initializing Spring DispatcherServlet 'dispatcherServlet'
2020-03-16 16:37:43 - Initializing Servlet 'dispatcherServlet'
2020-03-16 16:37:43 - Completed initialization in 47 ms
2020-03-16 16:45:11 - Starting MintfinancialApplication on wsticks with PID 10424 (C:\Users\williamsondrums\Downloads\mintfinancial\target\classes started by williamsondrums in C:\Users\williamsondrums\Downloads\mintfinancial)
2020-03-16 16:45:11 - No active profile set, falling back to default profiles: default
2020-03-16 16:45:13 - Bootstrapping Spring Data JPA repositories in DEFAULT mode.
2020-03-16 16:45:13 - Finished Spring Data repository scanning in 204ms. Found 1 JPA repository interfaces.
2020-03-16 16:45:15 - Tomcat initialized with port(s): 8081 (http)
2020-03-16 16:45:15 - Initializing ProtocolHandler ["http-nio-8081"]
2020-03-16 16:45:15 - Starting service [Tomcat]
2020-03-16 16:45:15 - Starting Servlet engine: [Apache Tomcat/9.0.31]
2020-03-16 16:45:16 - Initializing Spring embedded WebApplicationContext
2020-03-16 16:45:16 - Root WebApplicationContext: initialization completed in 4130 ms
2020-03-16 16:45:16 - HHH000204: Processing PersistenceUnitInfo [name: default]
2020-03-16 16:45:17 - HHH000412: Hibernate ORM core version 5.4.12.Final
2020-03-16 16:45:17 - HCANN000001: Hibernate Commons Annotations {5.1.0.Final}
2020-03-16 16:45:17 - HikariPool-1 - Starting...
2020-03-16 16:45:20 - HikariPool-1 - Start completed.
2020-03-16 16:45:20 - HHH000400: Using dialect: org.hibernate.dialect.SQLServer2012Dialect
2020-03-16 16:45:23 - HHH000490: Using JtaPlatform implementation: [org.hibernate.engine.transaction.jta.platform.internal.NoJtaPlatform]
2020-03-16 16:45:23 - Initialized JPA EntityManagerFactory for persistence unit 'default'
2020-03-16 16:45:25 - spring.jpa.open-in-view is enabled by default. Therefore, database queries may be performed during view rendering. Explicitly configure spring.jpa.open-in-view to disable this warning
2020-03-16 16:45:25 - Initializing ExecutorService 'applicationTaskExecutor'
2020-03-16 16:45:26 - Starting ProtocolHandler ["http-nio-8081"]
2020-03-16 16:45:26 - Tomcat started on port(s): 8081 (http) with context path ''
2020-03-16 16:45:26 - Started MintfinancialApplication in 15.421 seconds (JVM running for 18.541)
2020-03-16 16:46:12 - Initializing Spring DispatcherServlet 'dispatcherServlet'
2020-03-16 16:46:12 - Initializing Servlet 'dispatcherServlet'
2020-03-16 16:46:12 - Completed initialization in 27 ms
2020-03-16 17:37:40 - Starting MintfinancialApplication on wsticks with PID 2784 (C:\Users\williamsondrums\Downloads\mintfinancial\target\classes started by williamsondrums in C:\Users\williamsondrums\Downloads\mintfinancial)
2020-03-16 17:37:40 - No active profile set, falling back to default profiles: default
2020-03-16 17:37:42 - Bootstrapping Spring Data JPA repositories in DEFAULT mode.
2020-03-16 17:37:42 - Finished Spring Data repository scanning in 214ms. Found 1 JPA repository interfaces.
2020-03-16 17:37:44 - Tomcat initialized with port(s): 8081 (http)
2020-03-16 17:37:44 - Initializing ProtocolHandler ["http-nio-8081"]
2020-03-16 17:37:44 - Starting service [Tomcat]
2020-03-16 17:37:44 - Starting Servlet engine: [Apache Tomcat/9.0.31]
2020-03-16 17:37:44 - Initializing Spring embedded WebApplicationContext
2020-03-16 17:37:44 - Root WebApplicationContext: initialization completed in 4375 ms
2020-03-16 17:37:45 - HHH000204: Processing PersistenceUnitInfo [name: default]
2020-03-16 17:37:45 - HHH000412: Hibernate ORM core version 5.4.12.Final
2020-03-16 17:37:46 - HCANN000001: Hibernate Commons Annotations {5.1.0.Final}
2020-03-16 17:37:46 - HikariPool-1 - Starting...
2020-03-16 17:37:49 - HikariPool-1 - Start completed.
2020-03-16 17:37:49 - HHH000400: Using dialect: org.hibernate.dialect.SQLServer2012Dialect
2020-03-16 17:37:53 - HHH000490: Using JtaPlatform implementation: [org.hibernate.engine.transaction.jta.platform.internal.NoJtaPlatform]
2020-03-16 17:37:53 - Initialized JPA EntityManagerFactory for persistence unit 'default'
2020-03-16 17:37:54 - spring.jpa.open-in-view is enabled by default. Therefore, database queries may be performed during view rendering. Explicitly configure spring.jpa.open-in-view to disable this warning
2020-03-16 17:37:54 - Initializing ExecutorService 'applicationTaskExecutor'
2020-03-16 17:37:55 - Starting ProtocolHandler ["http-nio-8081"]
2020-03-16 17:37:55 - Tomcat started on port(s): 8081 (http) with context path ''
2020-03-16 17:37:55 - Started MintfinancialApplication in 16.232 seconds (JVM running for 20.024)
2020-03-16 17:47:19 - Starting MintfinancialApplication on wsticks with PID 15056 (C:\Users\williamsondrums\Downloads\mintfinancial\target\classes started by williamsondrums in C:\Users\williamsondrums\Downloads\mintfinancial)
2020-03-16 17:47:19 - No active profile set, falling back to default profiles: default
2020-03-16 17:47:21 - Bootstrapping Spring Data JPA repositories in DEFAULT mode.
2020-03-16 17:47:21 - Finished Spring Data repository scanning in 206ms. Found 1 JPA repository interfaces.
2020-03-16 17:47:23 - Tomcat initialized with port(s): 8081 (http)
2020-03-16 17:47:23 - Initializing ProtocolHandler ["http-nio-8081"]
2020-03-16 17:47:23 - Starting service [Tomcat]
2020-03-16 17:47:23 - Starting Servlet engine: [Apache Tomcat/9.0.31]
2020-03-16 17:47:23 - Initializing Spring embedded WebApplicationContext
2020-03-16 17:47:23 - Root WebApplicationContext: initialization completed in 4195 ms
2020-03-16 17:47:24 - HHH000204: Processing PersistenceUnitInfo [name: default]
2020-03-16 17:47:24 - HHH000412: Hibernate ORM core version 5.4.12.Final
2020-03-16 17:47:25 - HCANN000001: Hibernate Commons Annotations {5.1.0.Final}
2020-03-16 17:47:25 - HikariPool-1 - Starting...
2020-03-16 17:47:28 - HikariPool-1 - Start completed.
2020-03-16 17:47:28 - HHH000400: Using dialect: org.hibernate.dialect.SQLServer2012Dialect
2020-03-16 17:47:33 - HHH000490: Using JtaPlatform implementation: [org.hibernate.engine.transaction.jta.platform.internal.NoJtaPlatform]
2020-03-16 17:47:33 - Initialized JPA EntityManagerFactory for persistence unit 'default'
2020-03-16 17:47:34 - spring.jpa.open-in-view is enabled by default. Therefore, database queries may be performed during view rendering. Explicitly configure spring.jpa.open-in-view to disable this warning
2020-03-16 17:47:34 - Initializing ExecutorService 'applicationTaskExecutor'
2020-03-16 17:47:35 - Starting ProtocolHandler ["http-nio-8081"]
2020-03-16 17:47:35 - Tomcat started on port(s): 8081 (http) with context path ''
2020-03-16 17:47:35 - Started MintfinancialApplication in 17.033 seconds (JVM running for 20.362)
2020-03-16 17:47:54 - Initializing Spring DispatcherServlet 'dispatcherServlet'
2020-03-16 17:47:54 - Initializing Servlet 'dispatcherServlet'
2020-03-16 17:47:54 - Completed initialization in 27 ms
2020-03-16 17:47:59 - Servlet.service() for servlet [dispatcherServlet] in context with path [] threw exception [Request processing failed; nested exception is java.lang.NullPointerException] with root cause
java.lang.NullPointerException: null
	at com.williams.mint.mintfinancial.service.CardService.castToCardApiResponse(CardService.java:55)
	at com.williams.mint.mintfinancial.service.CardService.cardVerification(CardService.java:46)
	at com.williams.mint.mintfinancial.controller.CardController.getCardVerification(CardController.java:23)
	at sun.reflect.NativeMethodAccessorImpl.invoke0(Native Method)
	at sun.reflect.NativeMethodAccessorImpl.invoke(NativeMethodAccessorImpl.java:62)
	at sun.reflect.DelegatingMethodAccessorImpl.invoke(DelegatingMethodAccessorImpl.java:43)
	at java.lang.reflect.Method.invoke(Method.java:498)
	at org.springframework.web.method.support.InvocableHandlerMethod.doInvoke(InvocableHandlerMethod.java:190)
	at org.springframework.web.method.support.InvocableHandlerMethod.invokeForRequest(InvocableHandlerMethod.java:138)
	at org.springframework.web.servlet.mvc.method.annotation.ServletInvocableHandlerMethod.invokeAndHandle(ServletInvocableHandlerMethod.java:106)
	at org.springframework.web.servlet.mvc.method.annotation.RequestMappingHandlerAdapter.invokeHandlerMethod(RequestMappingHandlerAdapter.java:879)
	at org.springframework.web.servlet.mvc.method.annotation.RequestMappingHandlerAdapter.handleInternal(RequestMappingHandlerAdapter.java:793)
	at org.springframework.web.servlet.mvc.method.AbstractHandlerMethodAdapter.handle(AbstractHandlerMethodAdapter.java:87)
	at org.springframework.web.servlet.DispatcherServlet.doDispatch(DispatcherServlet.java:1040)
	at org.springframework.web.servlet.DispatcherServlet.doService(DispatcherServlet.java:943)
	at org.springframework.web.servlet.FrameworkServlet.processRequest(FrameworkServlet.java:1006)
	at org.springframework.web.servlet.FrameworkServlet.doGet(FrameworkServlet.java:898)
	at javax.servlet.http.HttpServlet.service(HttpServlet.java:634)
	at org.springframework.web.servlet.FrameworkServlet.service(FrameworkServlet.java:883)
	at javax.servlet.http.HttpServlet.service(HttpServlet.java:741)
	at org.apache.catalina.core.ApplicationFilterChain.internalDoFilter(ApplicationFilterChain.java:231)
	at org.apache.catalina.core.ApplicationFilterChain.doFilter(ApplicationFilterChain.java:166)
	at org.apache.tomcat.websocket.server.WsFilter.doFilter(WsFilter.java:53)
	at org.apache.catalina.core.ApplicationFilterChain.internalDoFilter(ApplicationFilterChain.java:193)
	at org.apache.catalina.core.ApplicationFilterChain.doFilter(ApplicationFilterChain.java:166)
	at org.springframework.web.filter.RequestContextFilter.doFilterInternal(RequestContextFilter.java:100)
	at org.springframework.web.filter.OncePerRequestFilter.doFilter(OncePerRequestFilter.java:119)
	at org.apache.catalina.core.ApplicationFilterChain.internalDoFilter(ApplicationFilterChain.java:193)
	at org.apache.catalina.core.ApplicationFilterChain.doFilter(ApplicationFilterChain.java:166)
	at org.springframework.web.filter.FormContentFilter.doFilterInternal(FormContentFilter.java:93)
	at org.springframework.web.filter.OncePerRequestFilter.doFilter(OncePerRequestFilter.java:119)
	at org.apache.catalina.core.ApplicationFilterChain.internalDoFilter(ApplicationFilterChain.java:193)
	at org.apache.catalina.core.ApplicationFilterChain.doFilter(ApplicationFilterChain.java:166)
	at org.springframework.web.filter.CharacterEncodingFilter.doFilterInternal(CharacterEncodingFilter.java:201)
	at org.springframework.web.filter.OncePerRequestFilter.doFilter(OncePerRequestFilter.java:119)
	at org.apache.catalina.core.ApplicationFilterChain.internalDoFilter(ApplicationFilterChain.java:193)
	at org.apache.catalina.core.ApplicationFilterChain.doFilter(ApplicationFilterChain.java:166)
	at org.apache.catalina.core.StandardWrapperValve.invoke(StandardWrapperValve.java:202)
	at org.apache.catalina.core.StandardContextValve.invoke(StandardContextValve.java:96)
	at org.apache.catalina.authenticator.AuthenticatorBase.invoke(AuthenticatorBase.java:541)
	at org.apache.catalina.core.StandardHostValve.invoke(StandardHostValve.java:139)
	at org.apache.catalina.valves.ErrorReportValve.invoke(ErrorReportValve.java:92)
	at org.apache.catalina.core.StandardEngineValve.invoke(StandardEngineValve.java:74)
	at org.apache.catalina.connector.CoyoteAdapter.service(CoyoteAdapter.java:343)
	at org.apache.coyote.http11.Http11Processor.service(Http11Processor.java:367)
	at org.apache.coyote.AbstractProcessorLight.process(AbstractProcessorLight.java:65)
	at org.apache.coyote.AbstractProtocol$ConnectionHandler.process(AbstractProtocol.java:868)
	at org.apache.tomcat.util.net.NioEndpoint$SocketProcessor.doRun(NioEndpoint.java:1639)
	at org.apache.tomcat.util.net.SocketProcessorBase.run(SocketProcessorBase.java:49)
	at java.util.concurrent.ThreadPoolExecutor.runWorker(ThreadPoolExecutor.java:1149)
	at java.util.concurrent.ThreadPoolExecutor$Worker.run(ThreadPoolExecutor.java:624)
	at org.apache.tomcat.util.threads.TaskThread$WrappingRunnable.run(TaskThread.java:61)
	at java.lang.Thread.run(Thread.java:748)
2020-03-16 17:48:20 - Servlet.service() for servlet [dispatcherServlet] in context with path [] threw exception [Request processing failed; nested exception is java.lang.NullPointerException] with root cause
java.lang.NullPointerException: null
	at com.williams.mint.mintfinancial.service.CardService.castToCardApiResponse(CardService.java:55)
	at com.williams.mint.mintfinancial.service.CardService.cardVerification(CardService.java:46)
	at com.williams.mint.mintfinancial.controller.CardController.getCardVerification(CardController.java:23)
	at sun.reflect.NativeMethodAccessorImpl.invoke0(Native Method)
	at sun.reflect.NativeMethodAccessorImpl.invoke(NativeMethodAccessorImpl.java:62)
	at sun.reflect.DelegatingMethodAccessorImpl.invoke(DelegatingMethodAccessorImpl.java:43)
	at java.lang.reflect.Method.invoke(Method.java:498)
	at org.springframework.web.method.support.InvocableHandlerMethod.doInvoke(InvocableHandlerMethod.java:190)
	at org.springframework.web.method.support.InvocableHandlerMethod.invokeForRequest(InvocableHandlerMethod.java:138)
	at org.springframework.web.servlet.mvc.method.annotation.ServletInvocableHandlerMethod.invokeAndHandle(ServletInvocableHandlerMethod.java:106)
	at org.springframework.web.servlet.mvc.method.annotation.RequestMappingHandlerAdapter.invokeHandlerMethod(RequestMappingHandlerAdapter.java:879)
	at org.springframework.web.servlet.mvc.method.annotation.RequestMappingHandlerAdapter.handleInternal(RequestMappingHandlerAdapter.java:793)
	at org.springframework.web.servlet.mvc.method.AbstractHandlerMethodAdapter.handle(AbstractHandlerMethodAdapter.java:87)
	at org.springframework.web.servlet.DispatcherServlet.doDispatch(DispatcherServlet.java:1040)
	at org.springframework.web.servlet.DispatcherServlet.doService(DispatcherServlet.java:943)
	at org.springframework.web.servlet.FrameworkServlet.processRequest(FrameworkServlet.java:1006)
	at org.springframework.web.servlet.FrameworkServlet.doGet(FrameworkServlet.java:898)
	at javax.servlet.http.HttpServlet.service(HttpServlet.java:634)
	at org.springframework.web.servlet.FrameworkServlet.service(FrameworkServlet.java:883)
	at javax.servlet.http.HttpServlet.service(HttpServlet.java:741)
	at org.apache.catalina.core.ApplicationFilterChain.internalDoFilter(ApplicationFilterChain.java:231)
	at org.apache.catalina.core.ApplicationFilterChain.doFilter(ApplicationFilterChain.java:166)
	at org.apache.tomcat.websocket.server.WsFilter.doFilter(WsFilter.java:53)
	at org.apache.catalina.core.ApplicationFilterChain.internalDoFilter(ApplicationFilterChain.java:193)
	at org.apache.catalina.core.ApplicationFilterChain.doFilter(ApplicationFilterChain.java:166)
	at org.springframework.web.filter.RequestContextFilter.doFilterInternal(RequestContextFilter.java:100)
	at org.springframework.web.filter.OncePerRequestFilter.doFilter(OncePerRequestFilter.java:119)
	at org.apache.catalina.core.ApplicationFilterChain.internalDoFilter(ApplicationFilterChain.java:193)
	at org.apache.catalina.core.ApplicationFilterChain.doFilter(ApplicationFilterChain.java:166)
	at org.springframework.web.filter.FormContentFilter.doFilterInternal(FormContentFilter.java:93)
	at org.springframework.web.filter.OncePerRequestFilter.doFilter(OncePerRequestFilter.java:119)
	at org.apache.catalina.core.ApplicationFilterChain.internalDoFilter(ApplicationFilterChain.java:193)
	at org.apache.catalina.core.ApplicationFilterChain.doFilter(ApplicationFilterChain.java:166)
	at org.springframework.web.filter.CharacterEncodingFilter.doFilterInternal(CharacterEncodingFilter.java:201)
	at org.springframework.web.filter.OncePerRequestFilter.doFilter(OncePerRequestFilter.java:119)
	at org.apache.catalina.core.ApplicationFilterChain.internalDoFilter(ApplicationFilterChain.java:193)
	at org.apache.catalina.core.ApplicationFilterChain.doFilter(ApplicationFilterChain.java:166)
	at org.apache.catalina.core.StandardWrapperValve.invoke(StandardWrapperValve.java:202)
	at org.apache.catalina.core.StandardContextValve.invoke(StandardContextValve.java:96)
	at org.apache.catalina.authenticator.AuthenticatorBase.invoke(AuthenticatorBase.java:541)
	at org.apache.catalina.core.StandardHostValve.invoke(StandardHostValve.java:139)
	at org.apache.catalina.valves.ErrorReportValve.invoke(ErrorReportValve.java:92)
	at org.apache.catalina.core.StandardEngineValve.invoke(StandardEngineValve.java:74)
	at org.apache.catalina.connector.CoyoteAdapter.service(CoyoteAdapter.java:343)
	at org.apache.coyote.http11.Http11Processor.service(Http11Processor.java:367)
	at org.apache.coyote.AbstractProcessorLight.process(AbstractProcessorLight.java:65)
	at org.apache.coyote.AbstractProtocol$ConnectionHandler.process(AbstractProtocol.java:868)
	at org.apache.tomcat.util.net.NioEndpoint$SocketProcessor.doRun(NioEndpoint.java:1639)
	at org.apache.tomcat.util.net.SocketProcessorBase.run(SocketProcessorBase.java:49)
	at java.util.concurrent.ThreadPoolExecutor.runWorker(ThreadPoolExecutor.java:1149)
	at java.util.concurrent.ThreadPoolExecutor$Worker.run(ThreadPoolExecutor.java:624)
	at org.apache.tomcat.util.threads.TaskThread$WrappingRunnable.run(TaskThread.java:61)
	at java.lang.Thread.run(Thread.java:748)
2020-03-16 17:49:46 - Servlet.service() for servlet [dispatcherServlet] in context with path [] threw exception [Request processing failed; nested exception is java.lang.NullPointerException] with root cause
java.lang.NullPointerException: null
	at com.williams.mint.mintfinancial.service.CardService.castToCardApiResponse(CardService.java:55)
	at com.williams.mint.mintfinancial.service.CardService.cardVerification(CardService.java:46)
	at com.williams.mint.mintfinancial.controller.CardController.getCardVerification(CardController.java:23)
	at sun.reflect.NativeMethodAccessorImpl.invoke0(Native Method)
	at sun.reflect.NativeMethodAccessorImpl.invoke(NativeMethodAccessorImpl.java:62)
	at sun.reflect.DelegatingMethodAccessorImpl.invoke(DelegatingMethodAccessorImpl.java:43)
	at java.lang.reflect.Method.invoke(Method.java:498)
	at org.springframework.web.method.support.InvocableHandlerMethod.doInvoke(InvocableHandlerMethod.java:190)
	at org.springframework.web.method.support.InvocableHandlerMethod.invokeForRequest(InvocableHandlerMethod.java:138)
	at org.springframework.web.servlet.mvc.method.annotation.ServletInvocableHandlerMethod.invokeAndHandle(ServletInvocableHandlerMethod.java:106)
	at org.springframework.web.servlet.mvc.method.annotation.RequestMappingHandlerAdapter.invokeHandlerMethod(RequestMappingHandlerAdapter.java:879)
	at org.springframework.web.servlet.mvc.method.annotation.RequestMappingHandlerAdapter.handleInternal(RequestMappingHandlerAdapter.java:793)
	at org.springframework.web.servlet.mvc.method.AbstractHandlerMethodAdapter.handle(AbstractHandlerMethodAdapter.java:87)
	at org.springframework.web.servlet.DispatcherServlet.doDispatch(DispatcherServlet.java:1040)
	at org.springframework.web.servlet.DispatcherServlet.doService(DispatcherServlet.java:943)
	at org.springframework.web.servlet.FrameworkServlet.processRequest(FrameworkServlet.java:1006)
	at org.springframework.web.servlet.FrameworkServlet.doGet(FrameworkServlet.java:898)
	at javax.servlet.http.HttpServlet.service(HttpServlet.java:634)
	at org.springframework.web.servlet.FrameworkServlet.service(FrameworkServlet.java:883)
	at javax.servlet.http.HttpServlet.service(HttpServlet.java:741)
	at org.apache.catalina.core.ApplicationFilterChain.internalDoFilter(ApplicationFilterChain.java:231)
	at org.apache.catalina.core.ApplicationFilterChain.doFilter(ApplicationFilterChain.java:166)
	at org.apache.tomcat.websocket.server.WsFilter.doFilter(WsFilter.java:53)
	at org.apache.catalina.core.ApplicationFilterChain.internalDoFilter(ApplicationFilterChain.java:193)
	at org.apache.catalina.core.ApplicationFilterChain.doFilter(ApplicationFilterChain.java:166)
	at org.springframework.web.filter.RequestContextFilter.doFilterInternal(RequestContextFilter.java:100)
	at org.springframework.web.filter.OncePerRequestFilter.doFilter(OncePerRequestFilter.java:119)
	at org.apache.catalina.core.ApplicationFilterChain.internalDoFilter(ApplicationFilterChain.java:193)
	at org.apache.catalina.core.ApplicationFilterChain.doFilter(ApplicationFilterChain.java:166)
	at org.springframework.web.filter.FormContentFilter.doFilterInternal(FormContentFilter.java:93)
	at org.springframework.web.filter.OncePerRequestFilter.doFilter(OncePerRequestFilter.java:119)
	at org.apache.catalina.core.ApplicationFilterChain.internalDoFilter(ApplicationFilterChain.java:193)
	at org.apache.catalina.core.ApplicationFilterChain.doFilter(ApplicationFilterChain.java:166)
	at org.springframework.web.filter.CharacterEncodingFilter.doFilterInternal(CharacterEncodingFilter.java:201)
	at org.springframework.web.filter.OncePerRequestFilter.doFilter(OncePerRequestFilter.java:119)
	at org.apache.catalina.core.ApplicationFilterChain.internalDoFilter(ApplicationFilterChain.java:193)
	at org.apache.catalina.core.ApplicationFilterChain.doFilter(ApplicationFilterChain.java:166)
	at org.apache.catalina.core.StandardWrapperValve.invoke(StandardWrapperValve.java:202)
	at org.apache.catalina.core.StandardContextValve.invoke(StandardContextValve.java:96)
	at org.apache.catalina.authenticator.AuthenticatorBase.invoke(AuthenticatorBase.java:541)
	at org.apache.catalina.core.StandardHostValve.invoke(StandardHostValve.java:139)
	at org.apache.catalina.valves.ErrorReportValve.invoke(ErrorReportValve.java:92)
	at org.apache.catalina.core.StandardEngineValve.invoke(StandardEngineValve.java:74)
	at org.apache.catalina.connector.CoyoteAdapter.service(CoyoteAdapter.java:343)
	at org.apache.coyote.http11.Http11Processor.service(Http11Processor.java:367)
	at org.apache.coyote.AbstractProcessorLight.process(AbstractProcessorLight.java:65)
	at org.apache.coyote.AbstractProtocol$ConnectionHandler.process(AbstractProtocol.java:868)
	at org.apache.tomcat.util.net.NioEndpoint$SocketProcessor.doRun(NioEndpoint.java:1639)
	at org.apache.tomcat.util.net.SocketProcessorBase.run(SocketProcessorBase.java:49)
	at java.util.concurrent.ThreadPoolExecutor.runWorker(ThreadPoolExecutor.java:1149)
	at java.util.concurrent.ThreadPoolExecutor$Worker.run(ThreadPoolExecutor.java:624)
	at org.apache.tomcat.util.threads.TaskThread$WrappingRunnable.run(TaskThread.java:61)
	at java.lang.Thread.run(Thread.java:748)
2020-03-16 17:49:58 - Servlet.service() for servlet [dispatcherServlet] in context with path [] threw exception [Request processing failed; nested exception is java.lang.NullPointerException] with root cause
java.lang.NullPointerException: null
	at com.williams.mint.mintfinancial.service.CardService.castToCardApiResponse(CardService.java:55)
	at com.williams.mint.mintfinancial.service.CardService.cardVerification(CardService.java:46)
	at com.williams.mint.mintfinancial.controller.CardController.getCardVerification(CardController.java:23)
	at sun.reflect.NativeMethodAccessorImpl.invoke0(Native Method)
	at sun.reflect.NativeMethodAccessorImpl.invoke(NativeMethodAccessorImpl.java:62)
	at sun.reflect.DelegatingMethodAccessorImpl.invoke(DelegatingMethodAccessorImpl.java:43)
	at java.lang.reflect.Method.invoke(Method.java:498)
	at org.springframework.web.method.support.InvocableHandlerMethod.doInvoke(InvocableHandlerMethod.java:190)
	at org.springframework.web.method.support.InvocableHandlerMethod.invokeForRequest(InvocableHandlerMethod.java:138)
	at org.springframework.web.servlet.mvc.method.annotation.ServletInvocableHandlerMethod.invokeAndHandle(ServletInvocableHandlerMethod.java:106)
	at org.springframework.web.servlet.mvc.method.annotation.RequestMappingHandlerAdapter.invokeHandlerMethod(RequestMappingHandlerAdapter.java:879)
	at org.springframework.web.servlet.mvc.method.annotation.RequestMappingHandlerAdapter.handleInternal(RequestMappingHandlerAdapter.java:793)
	at org.springframework.web.servlet.mvc.method.AbstractHandlerMethodAdapter.handle(AbstractHandlerMethodAdapter.java:87)
	at org.springframework.web.servlet.DispatcherServlet.doDispatch(DispatcherServlet.java:1040)
	at org.springframework.web.servlet.DispatcherServlet.doService(DispatcherServlet.java:943)
	at org.springframework.web.servlet.FrameworkServlet.processRequest(FrameworkServlet.java:1006)
	at org.springframework.web.servlet.FrameworkServlet.doGet(FrameworkServlet.java:898)
	at javax.servlet.http.HttpServlet.service(HttpServlet.java:634)
	at org.springframework.web.servlet.FrameworkServlet.service(FrameworkServlet.java:883)
	at javax.servlet.http.HttpServlet.service(HttpServlet.java:741)
	at org.apache.catalina.core.ApplicationFilterChain.internalDoFilter(ApplicationFilterChain.java:231)
	at org.apache.catalina.core.ApplicationFilterChain.doFilter(ApplicationFilterChain.java:166)
	at org.apache.tomcat.websocket.server.WsFilter.doFilter(WsFilter.java:53)
	at org.apache.catalina.core.ApplicationFilterChain.internalDoFilter(ApplicationFilterChain.java:193)
	at org.apache.catalina.core.ApplicationFilterChain.doFilter(ApplicationFilterChain.java:166)
	at org.springframework.web.filter.RequestContextFilter.doFilterInternal(RequestContextFilter.java:100)
	at org.springframework.web.filter.OncePerRequestFilter.doFilter(OncePerRequestFilter.java:119)
	at org.apache.catalina.core.ApplicationFilterChain.internalDoFilter(ApplicationFilterChain.java:193)
	at org.apache.catalina.core.ApplicationFilterChain.doFilter(ApplicationFilterChain.java:166)
	at org.springframework.web.filter.FormContentFilter.doFilterInternal(FormContentFilter.java:93)
	at org.springframework.web.filter.OncePerRequestFilter.doFilter(OncePerRequestFilter.java:119)
	at org.apache.catalina.core.ApplicationFilterChain.internalDoFilter(ApplicationFilterChain.java:193)
	at org.apache.catalina.core.ApplicationFilterChain.doFilter(ApplicationFilterChain.java:166)
	at org.springframework.web.filter.CharacterEncodingFilter.doFilterInternal(CharacterEncodingFilter.java:201)
	at org.springframework.web.filter.OncePerRequestFilter.doFilter(OncePerRequestFilter.java:119)
	at org.apache.catalina.core.ApplicationFilterChain.internalDoFilter(ApplicationFilterChain.java:193)
	at org.apache.catalina.core.ApplicationFilterChain.doFilter(ApplicationFilterChain.java:166)
	at org.apache.catalina.core.StandardWrapperValve.invoke(StandardWrapperValve.java:202)
	at org.apache.catalina.core.StandardContextValve.invoke(StandardContextValve.java:96)
	at org.apache.catalina.authenticator.AuthenticatorBase.invoke(AuthenticatorBase.java:541)
	at org.apache.catalina.core.StandardHostValve.invoke(StandardHostValve.java:139)
	at org.apache.catalina.valves.ErrorReportValve.invoke(ErrorReportValve.java:92)
	at org.apache.catalina.core.StandardEngineValve.invoke(StandardEngineValve.java:74)
	at org.apache.catalina.connector.CoyoteAdapter.service(CoyoteAdapter.java:343)
	at org.apache.coyote.http11.Http11Processor.service(Http11Processor.java:367)
	at org.apache.coyote.AbstractProcessorLight.process(AbstractProcessorLight.java:65)
	at org.apache.coyote.AbstractProtocol$ConnectionHandler.process(AbstractProtocol.java:868)
	at org.apache.tomcat.util.net.NioEndpoint$SocketProcessor.doRun(NioEndpoint.java:1639)
	at org.apache.tomcat.util.net.SocketProcessorBase.run(SocketProcessorBase.java:49)
	at java.util.concurrent.ThreadPoolExecutor.runWorker(ThreadPoolExecutor.java:1149)
	at java.util.concurrent.ThreadPoolExecutor$Worker.run(ThreadPoolExecutor.java:624)
	at org.apache.tomcat.util.threads.TaskThread$WrappingRunnable.run(TaskThread.java:61)
	at java.lang.Thread.run(Thread.java:748)
2020-03-16 17:55:09 - Starting MintfinancialApplication on wsticks with PID 4608 (C:\Users\williamsondrums\Downloads\mintfinancial\target\classes started by williamsondrums in C:\Users\williamsondrums\Downloads\mintfinancial)
2020-03-16 17:55:09 - No active profile set, falling back to default profiles: default
2020-03-16 17:55:10 - Bootstrapping Spring Data JPA repositories in DEFAULT mode.
2020-03-16 17:55:10 - Finished Spring Data repository scanning in 127ms. Found 1 JPA repository interfaces.
2020-03-16 17:55:12 - Tomcat initialized with port(s): 8081 (http)
2020-03-16 17:55:12 - Initializing ProtocolHandler ["http-nio-8081"]
2020-03-16 17:55:12 - Starting service [Tomcat]
2020-03-16 17:55:13 - Starting Servlet engine: [Apache Tomcat/9.0.31]
2020-03-16 17:55:13 - Initializing Spring embedded WebApplicationContext
2020-03-16 17:55:13 - Root WebApplicationContext: initialization completed in 4195 ms
2020-03-16 17:55:14 - HHH000204: Processing PersistenceUnitInfo [name: default]
2020-03-16 17:55:14 - HHH000412: Hibernate ORM core version 5.4.12.Final
2020-03-16 17:55:14 - HCANN000001: Hibernate Commons Annotations {5.1.0.Final}
2020-03-16 17:55:15 - HikariPool-1 - Starting...
2020-03-16 17:55:17 - HikariPool-1 - Start completed.
2020-03-16 17:55:17 - HHH000400: Using dialect: org.hibernate.dialect.SQLServer2012Dialect
2020-03-16 17:55:20 - HHH000490: Using JtaPlatform implementation: [org.hibernate.engine.transaction.jta.platform.internal.NoJtaPlatform]
2020-03-16 17:55:20 - Initialized JPA EntityManagerFactory for persistence unit 'default'
2020-03-16 17:55:22 - spring.jpa.open-in-view is enabled by default. Therefore, database queries may be performed during view rendering. Explicitly configure spring.jpa.open-in-view to disable this warning
2020-03-16 17:55:22 - Initializing ExecutorService 'applicationTaskExecutor'
2020-03-16 17:55:23 - Starting ProtocolHandler ["http-nio-8081"]
2020-03-16 17:55:23 - Tomcat started on port(s): 8081 (http) with context path ''
2020-03-16 17:55:23 - Started MintfinancialApplication in 15.359 seconds (JVM running for 20.18)
2020-03-16 17:57:33 - Initializing Spring DispatcherServlet 'dispatcherServlet'
2020-03-16 17:57:33 - Initializing Servlet 'dispatcherServlet'
2020-03-16 17:57:33 - Completed initialization in 54 ms
2020-03-16 17:57:35 - Servlet.service() for servlet [dispatcherServlet] in context with path [] threw exception [Request processing failed; nested exception is java.lang.NullPointerException] with root cause
java.lang.NullPointerException: null
	at com.williams.mint.mintfinancial.service.CardService.castToCardApiResponse(CardService.java:55)
	at com.williams.mint.mintfinancial.service.CardService.cardVerification(CardService.java:46)
	at com.williams.mint.mintfinancial.controller.CardController.getCardVerification(CardController.java:23)
	at sun.reflect.NativeMethodAccessorImpl.invoke0(Native Method)
	at sun.reflect.NativeMethodAccessorImpl.invoke(NativeMethodAccessorImpl.java:62)
	at sun.reflect.DelegatingMethodAccessorImpl.invoke(DelegatingMethodAccessorImpl.java:43)
	at java.lang.reflect.Method.invoke(Method.java:498)
	at org.springframework.web.method.support.InvocableHandlerMethod.doInvoke(InvocableHandlerMethod.java:190)
	at org.springframework.web.method.support.InvocableHandlerMethod.invokeForRequest(InvocableHandlerMethod.java:138)
	at org.springframework.web.servlet.mvc.method.annotation.ServletInvocableHandlerMethod.invokeAndHandle(ServletInvocableHandlerMethod.java:106)
	at org.springframework.web.servlet.mvc.method.annotation.RequestMappingHandlerAdapter.invokeHandlerMethod(RequestMappingHandlerAdapter.java:879)
	at org.springframework.web.servlet.mvc.method.annotation.RequestMappingHandlerAdapter.handleInternal(RequestMappingHandlerAdapter.java:793)
	at org.springframework.web.servlet.mvc.method.AbstractHandlerMethodAdapter.handle(AbstractHandlerMethodAdapter.java:87)
	at org.springframework.web.servlet.DispatcherServlet.doDispatch(DispatcherServlet.java:1040)
	at org.springframework.web.servlet.DispatcherServlet.doService(DispatcherServlet.java:943)
	at org.springframework.web.servlet.FrameworkServlet.processRequest(FrameworkServlet.java:1006)
	at org.springframework.web.servlet.FrameworkServlet.doGet(FrameworkServlet.java:898)
	at javax.servlet.http.HttpServlet.service(HttpServlet.java:634)
	at org.springframework.web.servlet.FrameworkServlet.service(FrameworkServlet.java:883)
	at javax.servlet.http.HttpServlet.service(HttpServlet.java:741)
	at org.apache.catalina.core.ApplicationFilterChain.internalDoFilter(ApplicationFilterChain.java:231)
	at org.apache.catalina.core.ApplicationFilterChain.doFilter(ApplicationFilterChain.java:166)
	at org.apache.tomcat.websocket.server.WsFilter.doFilter(WsFilter.java:53)
	at org.apache.catalina.core.ApplicationFilterChain.internalDoFilter(ApplicationFilterChain.java:193)
	at org.apache.catalina.core.ApplicationFilterChain.doFilter(ApplicationFilterChain.java:166)
	at org.springframework.web.filter.RequestContextFilter.doFilterInternal(RequestContextFilter.java:100)
	at org.springframework.web.filter.OncePerRequestFilter.doFilter(OncePerRequestFilter.java:119)
	at org.apache.catalina.core.ApplicationFilterChain.internalDoFilter(ApplicationFilterChain.java:193)
	at org.apache.catalina.core.ApplicationFilterChain.doFilter(ApplicationFilterChain.java:166)
	at org.springframework.web.filter.FormContentFilter.doFilterInternal(FormContentFilter.java:93)
	at org.springframework.web.filter.OncePerRequestFilter.doFilter(OncePerRequestFilter.java:119)
	at org.apache.catalina.core.ApplicationFilterChain.internalDoFilter(ApplicationFilterChain.java:193)
	at org.apache.catalina.core.ApplicationFilterChain.doFilter(ApplicationFilterChain.java:166)
	at org.springframework.web.filter.CharacterEncodingFilter.doFilterInternal(CharacterEncodingFilter.java:201)
	at org.springframework.web.filter.OncePerRequestFilter.doFilter(OncePerRequestFilter.java:119)
	at org.apache.catalina.core.ApplicationFilterChain.internalDoFilter(ApplicationFilterChain.java:193)
	at org.apache.catalina.core.ApplicationFilterChain.doFilter(ApplicationFilterChain.java:166)
	at org.apache.catalina.core.StandardWrapperValve.invoke(StandardWrapperValve.java:202)
	at org.apache.catalina.core.StandardContextValve.invoke(StandardContextValve.java:96)
	at org.apache.catalina.authenticator.AuthenticatorBase.invoke(AuthenticatorBase.java:541)
	at org.apache.catalina.core.StandardHostValve.invoke(StandardHostValve.java:139)
	at org.apache.catalina.valves.ErrorReportValve.invoke(ErrorReportValve.java:92)
	at org.apache.catalina.core.StandardEngineValve.invoke(StandardEngineValve.java:74)
	at org.apache.catalina.connector.CoyoteAdapter.service(CoyoteAdapter.java:343)
	at org.apache.coyote.http11.Http11Processor.service(Http11Processor.java:367)
	at org.apache.coyote.AbstractProcessorLight.process(AbstractProcessorLight.java:65)
	at org.apache.coyote.AbstractProtocol$ConnectionHandler.process(AbstractProtocol.java:868)
	at org.apache.tomcat.util.net.NioEndpoint$SocketProcessor.doRun(NioEndpoint.java:1639)
	at org.apache.tomcat.util.net.SocketProcessorBase.run(SocketProcessorBase.java:49)
	at java.util.concurrent.ThreadPoolExecutor.runWorker(ThreadPoolExecutor.java:1149)
	at java.util.concurrent.ThreadPoolExecutor$Worker.run(ThreadPoolExecutor.java:624)
	at org.apache.tomcat.util.threads.TaskThread$WrappingRunnable.run(TaskThread.java:61)
	at java.lang.Thread.run(Thread.java:748)
2020-03-16 17:58:29 - Starting MintfinancialApplication on wsticks with PID 10148 (C:\Users\williamsondrums\Downloads\mintfinancial\target\classes started by williamsondrums in C:\Users\williamsondrums\Downloads\mintfinancial)
2020-03-16 17:58:29 - No active profile set, falling back to default profiles: default
2020-03-16 17:58:31 - Bootstrapping Spring Data JPA repositories in DEFAULT mode.
2020-03-16 17:58:31 - Finished Spring Data repository scanning in 206ms. Found 1 JPA repository interfaces.
2020-03-16 17:58:33 - Tomcat initialized with port(s): 8081 (http)
2020-03-16 17:58:33 - Initializing ProtocolHandler ["http-nio-8081"]
2020-03-16 17:58:33 - Starting service [Tomcat]
2020-03-16 17:58:33 - Starting Servlet engine: [Apache Tomcat/9.0.31]
2020-03-16 17:58:34 - Initializing Spring embedded WebApplicationContext
2020-03-16 17:58:34 - Root WebApplicationContext: initialization completed in 4187 ms
2020-03-16 17:58:34 - HHH000204: Processing PersistenceUnitInfo [name: default]
2020-03-16 17:58:35 - HHH000412: Hibernate ORM core version 5.4.12.Final
2020-03-16 17:58:35 - HCANN000001: Hibernate Commons Annotations {5.1.0.Final}
2020-03-16 17:58:35 - HikariPool-1 - Starting...
2020-03-16 17:58:38 - HikariPool-1 - Start completed.
2020-03-16 17:58:38 - HHH000400: Using dialect: org.hibernate.dialect.SQLServer2012Dialect
2020-03-16 17:58:41 - HHH000490: Using JtaPlatform implementation: [org.hibernate.engine.transaction.jta.platform.internal.NoJtaPlatform]
2020-03-16 17:58:41 - Initialized JPA EntityManagerFactory for persistence unit 'default'
2020-03-16 17:58:42 - spring.jpa.open-in-view is enabled by default. Therefore, database queries may be performed during view rendering. Explicitly configure spring.jpa.open-in-view to disable this warning
2020-03-16 17:58:43 - Initializing ExecutorService 'applicationTaskExecutor'
2020-03-16 17:58:43 - Starting ProtocolHandler ["http-nio-8081"]
2020-03-16 17:58:43 - Tomcat started on port(s): 8081 (http) with context path ''
2020-03-16 17:58:43 - Started MintfinancialApplication in 15.059 seconds (JVM running for 20.352)
2020-03-16 17:59:32 - Initializing Spring DispatcherServlet 'dispatcherServlet'
2020-03-16 17:59:32 - Initializing Servlet 'dispatcherServlet'
2020-03-16 17:59:32 - Completed initialization in 28 ms
2020-03-16 17:59:34 - Servlet.service() for servlet [dispatcherServlet] in context with path [] threw exception [Request processing failed; nested exception is java.lang.NullPointerException] with root cause
java.lang.NullPointerException: null
	at com.williams.mint.mintfinancial.service.CardService.castToCardApiResponse(CardService.java:55)
	at com.williams.mint.mintfinancial.service.CardService.cardVerification(CardService.java:46)
	at com.williams.mint.mintfinancial.controller.CardController.getCardVerification(CardController.java:23)
	at sun.reflect.NativeMethodAccessorImpl.invoke0(Native Method)
	at sun.reflect.NativeMethodAccessorImpl.invoke(NativeMethodAccessorImpl.java:62)
	at sun.reflect.DelegatingMethodAccessorImpl.invoke(DelegatingMethodAccessorImpl.java:43)
	at java.lang.reflect.Method.invoke(Method.java:498)
	at org.springframework.web.method.support.InvocableHandlerMethod.doInvoke(InvocableHandlerMethod.java:190)
	at org.springframework.web.method.support.InvocableHandlerMethod.invokeForRequest(InvocableHandlerMethod.java:138)
	at org.springframework.web.servlet.mvc.method.annotation.ServletInvocableHandlerMethod.invokeAndHandle(ServletInvocableHandlerMethod.java:106)
	at org.springframework.web.servlet.mvc.method.annotation.RequestMappingHandlerAdapter.invokeHandlerMethod(RequestMappingHandlerAdapter.java:879)
	at org.springframework.web.servlet.mvc.method.annotation.RequestMappingHandlerAdapter.handleInternal(RequestMappingHandlerAdapter.java:793)
	at org.springframework.web.servlet.mvc.method.AbstractHandlerMethodAdapter.handle(AbstractHandlerMethodAdapter.java:87)
	at org.springframework.web.servlet.DispatcherServlet.doDispatch(DispatcherServlet.java:1040)
	at org.springframework.web.servlet.DispatcherServlet.doService(DispatcherServlet.java:943)
	at org.springframework.web.servlet.FrameworkServlet.processRequest(FrameworkServlet.java:1006)
	at org.springframework.web.servlet.FrameworkServlet.doGet(FrameworkServlet.java:898)
	at javax.servlet.http.HttpServlet.service(HttpServlet.java:634)
	at org.springframework.web.servlet.FrameworkServlet.service(FrameworkServlet.java:883)
	at javax.servlet.http.HttpServlet.service(HttpServlet.java:741)
	at org.apache.catalina.core.ApplicationFilterChain.internalDoFilter(ApplicationFilterChain.java:231)
	at org.apache.catalina.core.ApplicationFilterChain.doFilter(ApplicationFilterChain.java:166)
	at org.apache.tomcat.websocket.server.WsFilter.doFilter(WsFilter.java:53)
	at org.apache.catalina.core.ApplicationFilterChain.internalDoFilter(ApplicationFilterChain.java:193)
	at org.apache.catalina.core.ApplicationFilterChain.doFilter(ApplicationFilterChain.java:166)
	at org.springframework.web.filter.RequestContextFilter.doFilterInternal(RequestContextFilter.java:100)
	at org.springframework.web.filter.OncePerRequestFilter.doFilter(OncePerRequestFilter.java:119)
	at org.apache.catalina.core.ApplicationFilterChain.internalDoFilter(ApplicationFilterChain.java:193)
	at org.apache.catalina.core.ApplicationFilterChain.doFilter(ApplicationFilterChain.java:166)
	at org.springframework.web.filter.FormContentFilter.doFilterInternal(FormContentFilter.java:93)
	at org.springframework.web.filter.OncePerRequestFilter.doFilter(OncePerRequestFilter.java:119)
	at org.apache.catalina.core.ApplicationFilterChain.internalDoFilter(ApplicationFilterChain.java:193)
	at org.apache.catalina.core.ApplicationFilterChain.doFilter(ApplicationFilterChain.java:166)
	at org.springframework.web.filter.CharacterEncodingFilter.doFilterInternal(CharacterEncodingFilter.java:201)
	at org.springframework.web.filter.OncePerRequestFilter.doFilter(OncePerRequestFilter.java:119)
	at org.apache.catalina.core.ApplicationFilterChain.internalDoFilter(ApplicationFilterChain.java:193)
	at org.apache.catalina.core.ApplicationFilterChain.doFilter(ApplicationFilterChain.java:166)
	at org.apache.catalina.core.StandardWrapperValve.invoke(StandardWrapperValve.java:202)
	at org.apache.catalina.core.StandardContextValve.invoke(StandardContextValve.java:96)
	at org.apache.catalina.authenticator.AuthenticatorBase.invoke(AuthenticatorBase.java:541)
	at org.apache.catalina.core.StandardHostValve.invoke(StandardHostValve.java:139)
	at org.apache.catalina.valves.ErrorReportValve.invoke(ErrorReportValve.java:92)
	at org.apache.catalina.core.StandardEngineValve.invoke(StandardEngineValve.java:74)
	at org.apache.catalina.connector.CoyoteAdapter.service(CoyoteAdapter.java:343)
	at org.apache.coyote.http11.Http11Processor.service(Http11Processor.java:367)
	at org.apache.coyote.AbstractProcessorLight.process(AbstractProcessorLight.java:65)
	at org.apache.coyote.AbstractProtocol$ConnectionHandler.process(AbstractProtocol.java:868)
	at org.apache.tomcat.util.net.NioEndpoint$SocketProcessor.doRun(NioEndpoint.java:1639)
	at org.apache.tomcat.util.net.SocketProcessorBase.run(SocketProcessorBase.java:49)
	at java.util.concurrent.ThreadPoolExecutor.runWorker(ThreadPoolExecutor.java:1149)
	at java.util.concurrent.ThreadPoolExecutor$Worker.run(ThreadPoolExecutor.java:624)
	at org.apache.tomcat.util.threads.TaskThread$WrappingRunnable.run(TaskThread.java:61)
	at java.lang.Thread.run(Thread.java:748)
2020-03-16 21:14:04 - HikariPool-1 - Thread starvation or clock leap detected (housekeeper delta=3h25s537ms232µs300ns).
